<?xml version="1.0" encoding="UTF-8"?>
<!-- Generated by org.testng.reporters.JUnitXMLReporter -->
<testsuite ignored="0" hostname="DESKTOP-4UO7Q0G" failures="0" tests="3" name="Default test" time="32.083" errors="0" timestamp="2025-10-16T09:00:08 IST">
  <testcase classname="day2.parent" name="launchBrowser" time="22.16"/>
  <testcase classname="day2.parent" name="launchBrowser" time="6.347"/>
  <testcase classname="day2.dependsondemo" name="login" time="3.379"/>
</testsuite> <!-- Default test -->
