<?xml version="1.0" encoding="UTF-8"?>
<!-- Generated by org.testng.reporters.JUnitXMLReporter -->
<testsuite ignored="4" hostname="DESKTOP-4UO7Q0G" failures="0" tests="3" name="Test" time="0.117" errors="0" timestamp="2025-09-23T11:15:13 IST">
  <testcase classname="day4.groupsDemo" name="test1" time="0.017"/>
  <testcase classname="day4.groupsDemo" name="test2" time="0.003"/>
  <testcase classname="day4.groupsDemo" name="test3" time="0.005"/>
  <testcase classname="day4.groupsDemo" name="test4" time="0.0">
    <ignored/>
  </testcase> <!-- test4 -->
  <testcase classname="day4.groupsDemo" name="test5" time="0.0">
    <ignored/>
  </testcase> <!-- test5 -->
  <testcase classname="day4.groupsDemo" name="test7" time="0.0">
    <ignored/>
  </testcase> <!-- test7 -->
  <testcase classname="day4.groupsDemo" name="test6" time="0.0">
    <ignored/>
  </testcase> <!-- test6 -->
</testsuite> <!-- Test -->
