<?xml version="1.0" encoding="UTF-8"?>
<!-- Generated by org.testng.reporters.JUnitXMLReporter -->
<testsuite ignored="4" hostname="DESKTOP-4UO7Q0G" failures="0" tests="3" name="Test" time="0.133" errors="0" timestamp="2026-01-11T08:32:24 IST">
  <testcase classname="day4.groupsDemo" name="test1" time="0.025"/>
  <testcase classname="day4.groupsDemo" name="test2" time="0.006"/>
  <testcase classname="day4.groupsDemo" name="test3" time="0.006"/>
  <testcase classname="day4.groupsDemo" name="test5" time="0.0">
    <ignored/>
  </testcase> <!-- test5 -->
  <testcase classname="day4.groupsDemo" name="test4" time="0.0">
    <ignored/>
  </testcase> <!-- test4 -->
  <testcase classname="day4.groupsDemo" name="test7" time="0.0">
    <ignored/>
  </testcase> <!-- test7 -->
  <testcase classname="day4.groupsDemo" name="test6" time="0.0">
    <ignored/>
  </testcase> <!-- test6 -->
</testsuite> <!-- Test -->
