<?xml version="1.0" encoding="UTF-8"?>
<testng-results ignored="4" total="7" passed="3" failed="0" skipped="0">
  <reporter-output>
  </reporter-output>
  <suite started-at="2025-10-12T20:42:31 IST" name="Groups" finished-at="2025-10-12T20:42:31 IST" duration-ms="131">
    <groups>
      <group name="mac.Smoke">
        <method signature="groupsDemo.test1()[pri:0, instance:day4.groupsDemo@51399530]" name="test1" class="day4.groupsDemo"/>
      </group> <!-- mac.Smoke -->
      <group name="Sanity">
        <method signature="groupsDemo.test2()[pri:0, instance:day4.groupsDemo@51399530]" name="test2" class="day4.groupsDemo"/>
      </group> <!-- Sanity -->
      <group name="linux.Sanity">
        <method signature="groupsDemo.test3()[pri:0, instance:day4.groupsDemo@51399530]" name="test3" class="day4.groupsDemo"/>
      </group> <!-- linux.Sanity -->
      <group name="Smoke">
        <method signature="groupsDemo.test2()[pri:0, instance:day4.groupsDemo@51399530]" name="test2" class="day4.groupsDemo"/>
      </group> <!-- Smoke -->
    </groups>
    <test started-at="2025-10-12T20:42:31 IST" name="Test" finished-at="2025-10-12T20:42:31 IST" duration-ms="131">
      <class name="day4.groupsDemo">
        <test-method signature="test1()[pri:0, instance:day4.groupsDemo@51399530]" started-at="2025-10-12T20:42:31 IST" name="test1" finished-at="2025-10-12T20:42:31 IST" duration-ms="17" status="PASS">
          <reporter-output>
          </reporter-output>
        </test-method> <!-- test1 -->
        <test-method signature="test2()[pri:0, instance:day4.groupsDemo@51399530]" started-at="2025-10-12T20:42:31 IST" name="test2" finished-at="2025-10-12T20:42:31 IST" duration-ms="4" status="PASS">
          <reporter-output>
          </reporter-output>
        </test-method> <!-- test2 -->
        <test-method signature="test3()[pri:0, instance:day4.groupsDemo@51399530]" started-at="2025-10-12T20:42:31 IST" name="test3" finished-at="2025-10-12T20:42:31 IST" duration-ms="3" status="PASS">
          <reporter-output>
          </reporter-output>
        </test-method> <!-- test3 -->
      </class> <!-- day4.groupsDemo -->
    </test> <!-- Test -->
  </suite> <!-- Groups -->
</testng-results>
