<?xml version="1.0" encoding="UTF-8"?>
<testng-results ignored="0" total="3" passed="3" failed="0" skipped="0">
  <reporter-output>
  </reporter-output>
  <suite started-at="2025-10-16T08:59:36 IST" name="Default suite" finished-at="2025-10-16T09:00:08 IST" duration-ms="32083">
    <groups>
    </groups>
    <test started-at="2025-10-16T08:59:36 IST" name="Default test" finished-at="2025-10-16T09:00:08 IST" duration-ms="32083">
      <class name="day2.parent">
        <test-method signature="launchBrowser()[pri:0, instance:day2.parent@639c2c1d]" started-at="2025-10-16T08:59:36 IST" name="launchBrowser" finished-at="2025-10-16T08:59:58 IST" duration-ms="22160" status="PASS">
          <reporter-output>
          </reporter-output>
        </test-method> <!-- launchBrowser -->
      </class> <!-- day2.parent -->
      <class name="day2.dependsondemo">
        <test-method signature="launchBrowser()[pri:0, instance:day2.dependsondemo@51399530]" started-at="2025-10-16T08:59:58 IST" name="launchBrowser" finished-at="2025-10-16T09:00:04 IST" duration-ms="6347" status="PASS">
          <reporter-output>
          </reporter-output>
        </test-method> <!-- launchBrowser -->
        <test-method signature="login()[pri:0, instance:day2.dependsondemo@51399530]" started-at="2025-10-16T09:00:04 IST" name="login" finished-at="2025-10-16T09:00:08 IST" depends-on-methods="day2.parent.launchBrowser" duration-ms="3379" status="PASS">
          <reporter-output>
          </reporter-output>
        </test-method> <!-- login -->
      </class> <!-- day2.dependsondemo -->
    </test> <!-- Default test -->
  </suite> <!-- Default suite -->
</testng-results>
