<?xml version="1.0" encoding="UTF-8"?>
<testng-results ignored="0" total="1" passed="1" failed="0" skipped="0">
  <reporter-output>
  </reporter-output>
  <suite started-at="2026-02-26T19:31:02 IST" name="Default suite" finished-at="2026-02-26T19:31:07 IST" duration-ms="5205">
    <groups>
    </groups>
    <test started-at="2026-02-26T19:31:02 IST" name="Default test" finished-at="2026-02-26T19:31:07 IST" duration-ms="5205">
      <class name="practice.googletitleTest">
        <test-method is-config="true" signature="SetUp()[pri:0, instance:practice.googletitleTest@36fc695d]" started-at="2026-02-26T19:31:02 IST" name="SetUp" finished-at="2026-02-26T19:31:06 IST" duration-ms="4810" status="PASS">
          <reporter-output>
          </reporter-output>
        </test-method> <!-- SetUp -->
        <test-method signature="googleTileTest()[pri:0, instance:practice.googletitleTest@36fc695d]" started-at="2026-02-26T19:31:06 IST" name="googleTileTest" finished-at="2026-02-26T19:31:06 IST" duration-ms="32" status="PASS">
          <reporter-output>
          </reporter-output>
        </test-method> <!-- googleTileTest -->
        <test-method is-config="true" signature="tearDown()[pri:0, instance:practice.googletitleTest@36fc695d]" started-at="2026-02-26T19:31:06 IST" name="tearDown" finished-at="2026-02-26T19:31:07 IST" duration-ms="299" status="PASS">
          <reporter-output>
          </reporter-output>
        </test-method> <!-- tearDown -->
      </class> <!-- practice.googletitleTest -->
    </test> <!-- Default test -->
  </suite> <!-- Default suite -->
</testng-results>
