<?xml version="1.0" encoding="UTF-8"?>
<!-- Generated by org.testng.reporters.JUnitReportReporter -->
<testsuite hostname="DESKTOP-4UO7Q0G" failures="0" tests="3" name="day3.dataprovdemo" time="39.845" errors="0" timestamp="2026-01-28T17:46:21 IST" skipped="0">
  <testcase classname="day3.dataprovdemo" name="searchMobile" time="13.337"/>
  <testcase classname="day3.dataprovdemo" name="searchMobile" time="14.357"/>
  <testcase classname="day3.dataprovdemo" name="searchMobile" time="12.151"/>
</testsuite> <!-- day3.dataprovdemo -->
