<?xml version="1.0" encoding="UTF-8"?>
<!-- Generated by org.testng.reporters.JUnitReportReporter -->
<testsuite hostname="DESKTOP-4UO7Q0G" failures="0" tests="6" name="practice.googletest" time="26.169" errors="0" timestamp="2026-02-26T19:00:09 IST" skipped="0">
  <testcase classname="practice.googletest" name="googleTileTest" time="3.199"/>
  <testcase classname="practice.googletest" name="validgoogle" time="5.899"/>
  <testcase classname="practice.googletest" name="maillinkdisplay" time="4.654"/>
  <testcase classname="practice.googletest" name="test1" time="4.836"/>
  <testcase classname="practice.googletest" name="test2" time="4.025"/>
  <testcase classname="practice.googletest" name="test3" time="3.556"/>
</testsuite> <!-- practice.googletest -->
