<?xml version="1.0" encoding="UTF-8"?>
<!-- Generated by org.testng.reporters.JUnitReportReporter -->
<testsuite hostname="DESKTOP-4UO7Q0G" failures="0" tests="3" name="day3.dataprovdemo" time="45.484" errors="0" timestamp="2025-09-22T15:45:42 IST" skipped="0">
  <testcase classname="day3.dataprovdemo" name="searchMobile" time="13.454"/>
  <testcase classname="day3.dataprovdemo" name="searchMobile" time="18.715"/>
  <testcase classname="day3.dataprovdemo" name="searchMobile" time="13.315"/>
</testsuite> <!-- day3.dataprovdemo -->
