<?xml version="1.0" encoding="UTF-8"?>
<!-- Generated by org.testng.reporters.JUnitReportReporter -->
<testsuite hostname="DESKTOP-4UO7Q0G" failures="0" tests="3" name="day4.groupsDemo" time="0.037" errors="0" timestamp="2026-01-11T08:32:24 IST" skipped="0">
  <testcase classname="day4.groupsDemo" name="test3" time="0.006"/>
  <testcase classname="day4.groupsDemo" name="test1" time="0.025"/>
  <testcase classname="day4.groupsDemo" name="test2" time="0.006"/>
</testsuite> <!-- day4.groupsDemo -->
