<?xml version="1.0" encoding="UTF-8"?>
<!-- Generated by org.testng.reporters.JUnitReportReporter -->
<testsuite hostname="DESKTOP-4UO7Q0G" failures="0" tests="10" name="practice.invocationcount" time="0.051" errors="0" timestamp="2026-02-26T19:17:45 IST" skipped="0">
  <testcase classname="practice.invocationcount" name="sum" time="0.021"/>
  <testcase classname="practice.invocationcount" name="sum" time="0.001"/>
  <testcase classname="practice.invocationcount" name="sum" time="0.003"/>
  <testcase classname="practice.invocationcount" name="sum" time="0.004"/>
  <testcase classname="practice.invocationcount" name="sum" time="0.003"/>
  <testcase classname="practice.invocationcount" name="sum" time="0.005"/>
  <testcase classname="practice.invocationcount" name="sum" time="0.002"/>
  <testcase classname="practice.invocationcount" name="sum" time="0.004"/>
  <testcase classname="practice.invocationcount" name="sum" time="0.003"/>
  <testcase classname="practice.invocationcount" name="sum" time="0.005"/>
</testsuite> <!-- practice.invocationcount -->
