<?xml version="1.0" encoding="UTF-8"?>
<!-- Generated by org.testng.reporters.JUnitReportReporter -->
<testsuite hostname="DESKTOP-4UO7Q0G" failures="0" tests="3" name="day3.dataproviderdemo" time="73.375" errors="0" timestamp="2025-09-22T15:26:53 IST" skipped="0">
  <testcase classname="day3.dataproviderdemo" name="searchMobile" time="23.729"/>
  <testcase classname="day3.dataproviderdemo" name="searchMobile" time="24.239"/>
  <testcase classname="day3.dataproviderdemo" name="searchMobile" time="25.407"/>
</testsuite> <!-- day3.dataproviderdemo -->
