<?xml version="1.0" encoding="UTF-8"?>
<!-- Generated by org.testng.reporters.JUnitReportReporter -->
<testsuite hostname="DESKTOP-4UO7Q0G" failures="0" tests="7" name="day4.groupsDemo" time="0.038" errors="0" timestamp="2025-09-23T11:20:32 IST" skipped="0">
  <testcase classname="day4.groupsDemo" name="test7" time="0.005"/>
  <testcase classname="day4.groupsDemo" name="test6" time="0.005"/>
  <testcase classname="day4.groupsDemo" name="test4" time="0.003"/>
  <testcase classname="day4.groupsDemo" name="test5" time="0.004"/>
  <testcase classname="day4.groupsDemo" name="test2" time="0.006"/>
  <testcase classname="day4.groupsDemo" name="test1" time="0.013"/>
  <testcase classname="day4.groupsDemo" name="test3" time="0.002"/>
</testsuite> <!-- day4.groupsDemo -->
