<?xml version="1.0" encoding="UTF-8"?>
<!-- Generated by org.testng.reporters.JUnitReportReporter -->
<testsuite hostname="DESKTOP-4UO7Q0G" failures="0" tests="3" name="day4.groupsDemo" time="0.014" errors="0" timestamp="2025-10-12T20:44:07 IST" skipped="0">
  <testcase classname="day4.groupsDemo" name="test2" time="0.001"/>
  <testcase classname="day4.groupsDemo" name="test1" time="0.011"/>
  <testcase classname="day4.groupsDemo" name="test3" time="0.002"/>
</testsuite> <!-- day4.groupsDemo -->
